[LOG] System::create                           : Header version = 2.02.04. Current version = 2.02.04.
[LOG] Manager::init                            : maxchannels = 256 studioflags = 00000006 flags 00000000 extradriverdata 0000000000000000.
[LOG] SystemI::init                            : Initialize version=20204 (121702), maxchannels=256, flags=0x00020000
[LOG] SystemI::setOutputInternal               : Setting output to 'FMOD WASAPI Output'
[LOG] OutputWASAPI::init                       : Mix Format (WAVEFORMATEX): wFormatTag=0xFFFE, nChannels=2, nSamplesPerSec=48000, nAvgBytesPerSec=384000, nBlockAlign=8, wBitsPerSample=32, cbSize=22.
[LOG] OutputWASAPI::init                       : Mix Format (WAVEFORMATEXTENSIBLE): wValidBitsPerSample=32, dwChannelMask=0x00000003, SubFormat=00000003-0000-0010-8000-00AA00389B71.
[LOG] OutputWASAPI::init                       : Output buffer size: 4096 samples, latency: 0.00ms, period: 10.00ms, DSP buffer: 1024 * 4
[LOG] Thread::initThread                       : Init FMOD stream thread. Affinity: 0x4000000000000003, Priority: 0xFFFF7FFB, Stack Size: 98304, Semaphore: No, Sleep Time: 10, Looping: Yes.
[LOG] Thread::initThread                       : Init FMOD mixer thread. Affinity: 0x4000000000000001, Priority: 0xFFFF7FFA, Stack Size: 81920, Semaphore: No, Sleep Time: 0, Looping: Yes.
[LOG] AsyncManager::init                       : manager 000002679845AAB8 isAsync 0 updatePeriod 0.02
[LOG] AsyncManager::init                       : done
[LOG] PlaybackSystem::init                     : 
[LOG] Thread::initThread                       : Init FMOD Studio sample load thread. Affinity: 0x4000000000000003, Priority: 0xFFFF7FFD, Stack Size: 98304, Semaphore: No, Sleep Time: 1, Looping: No.
[LOG] PlaybackSystem::init                     : done
[LOG] Thread::initThread                       : Init FMOD Studio bank load thread. Affinity: 0x4000000000000003, Priority: 0xFFFF7FFD, Stack Size: 98304, Semaphore: No, Sleep Time: 1, Looping: No.
[LOG] Manager::init                            : done.
[LOG] Manager::readBank                        : fileversion = 141, compatVersion = 140 (oldest = 44, newest = 141)
[LOG] Manager::readBank                        : fileversion = 141, compatVersion = 140 (oldest = 44, newest = 141)
[LOG] Manager::readBank                        : fileversion = 141, compatVersion = 140 (oldest = 44, newest = 141)
[LOG] Manager::readBank                        : fileversion = 141, compatVersion = 140 (oldest = 44, newest = 141)
[LOG] PlaybackSystem::acquireMasterBus         : Setting master channel group format to 6
[LOG] Manager::readBank                        : fileversion = 141, compatVersion = 140 (oldest = 44, newest = 141)
[LOG] Manager::readBank                        : fileversion = 141, compatVersion = 140 (oldest = 44, newest = 141)
[LOG] SystemI::createSoundInternal             : Create name='', mode=0x02000202
[LOG] SystemI::createSoundInternal             : exinfo->cbsize             = 224
[LOG] SystemI::createSoundInternal             : exinfo->length             = 4107552
[LOG] SystemI::createSoundInternal             : exinfo->fileoffset         = 71552
[LOG] SystemI::createSoundInternal             : exinfo->numsubsounds       = 1
[LOG] SystemI::createSoundInternal             : exinfo->inclusionlist      = 000000CF661DF0B8
[LOG] SystemI::createSoundInternal             : exinfo->inclusionlistnum   = 1
[LOG] SystemI::createSoundInternal             : exinfo->suggestedsoundtype = 5
[LOG] SystemI::createSoundInternal             : exinfo->useropen           = 00007FF9F7AE0AD0
[LOG] SystemI::createSoundInternal             : exinfo->userclose          = 00007FF9F7AE0AA0
[LOG] SystemI::createSoundInternal             : exinfo->userread           = 00007FF9F7AE0BA0
[LOG] SystemI::createSoundInternal             : exinfo->userseek           = 00007FF9F7AE0C60
[LOG] SystemI::createSoundInternal             : exinfo->fileuserdata       = 00000266D350B208
[LOG] SystemI::createSoundInternal             : exinfo->initialseekpostype = 1
[LOG] SystemI::DSPCodecPoolRegister            : register codec pool for pool type 5
[LOG] SystemI::createSoundInternal             : Sample 0/1: name='duck_1', format=5, channels=2, frequency=48000, lengthbytes=12512, lengthpcm=34431, pcmblocksize=0, loopstart=0, loopend=0, mode=0x00000000, channelmask=0x00000000, channelorder=0, peakvolume=0.227905.
[LOG] SystemI::createSoundInternal             : Create name='', mode=0x02000202
[LOG] SystemI::createSoundInternal             : exinfo->cbsize             = 224
[LOG] SystemI::createSoundInternal             : exinfo->length             = 4107552
[LOG] SystemI::createSoundInternal             : exinfo->fileoffset         = 71552
[LOG] SystemI::createSoundInternal             : exinfo->numsubsounds       = 1
[LOG] SystemI::createSoundInternal             : exinfo->inclusionlist      = 000000CF661DF0B8
[LOG] SystemI::createSoundInternal             : exinfo->inclusionlistnum   = 1
[LOG] SystemI::createSoundInternal             : exinfo->suggestedsoundtype = 5
[LOG] SystemI::createSoundInternal             : exinfo->useropen           = 00007FF9F7AE0AD0
[LOG] SystemI::createSoundInternal             : exinfo->userclose          = 00007FF9F7AE0AA0
[LOG] SystemI::createSoundInternal             : exinfo->userread           = 00007FF9F7AE0BA0
[LOG] SystemI::createSoundInternal             : exinfo->userseek           = 00007FF9F7AE0C60
[LOG] SystemI::createSoundInternal             : exinfo->fileuserdata       = 00000266D350B208
[LOG] SystemI::createSoundInternal             : exinfo->initialseekpostype = 1
[LOG] SystemI::DSPCodecPoolRegister            : register codec pool for pool type 5
[LOG] SystemI::createSoundInternal             : Sample 0/1: name='duck_5', format=5, channels=2, frequency=48000, lengthbytes=26208, lengthpcm=61445, pcmblocksize=0, loopstart=0, loopend=0, mode=0x00000000, channelmask=0x00000000, channelorder=0, peakvolume=0.226166.
[LOG] SystemI::createSoundInternal             : Create name='', mode=0x02000202
[LOG] SystemI::createSoundInternal             : exinfo->cbsize             = 224
[LOG] SystemI::createSoundInternal             : exinfo->length             = 4107552
[LOG] SystemI::createSoundInternal             : exinfo->fileoffset         = 71552
[LOG] SystemI::createSoundInternal             : exinfo->numsubsounds       = 1
[LOG] SystemI::createSoundInternal             : exinfo->inclusionlist      = 000000CF661DF0B8
[LOG] SystemI::createSoundInternal             : exinfo->inclusionlistnum   = 1
[LOG] SystemI::createSoundInternal             : exinfo->suggestedsoundtype = 5
[LOG] SystemI::createSoundInternal             : exinfo->useropen           = 00007FF9F7AE0AD0
[LOG] SystemI::createSoundInternal             : exinfo->userclose          = 00007FF9F7AE0AA0
[LOG] SystemI::createSoundInternal             : exinfo->userread           = 00007FF9F7AE0BA0
[LOG] SystemI::createSoundInternal             : exinfo->userseek           = 00007FF9F7AE0C60
[LOG] SystemI::createSoundInternal             : exinfo->fileuserdata       = 00000266D350B208
[LOG] SystemI::createSoundInternal             : exinfo->initialseekpostype = 1
[LOG] SystemI::DSPCodecPoolRegister            : register codec pool for pool type 5
[LOG] SystemI::createSoundInternal             : Sample 0/1: name='duck_4', format=5, channels=2, frequency=48000, lengthbytes=15296, lengthpcm=49262, pcmblocksize=0, loopstart=0, loopend=0, mode=0x00000000, channelmask=0x00000000, channelorder=0, peakvolume=0.170990.
[LOG] SystemI::createSoundInternal             : Create name='', mode=0x02000202
[LOG] SystemI::createSoundInternal             : exinfo->cbsize             = 224
[LOG] SystemI::createSoundInternal             : exinfo->length             = 4107552
[LOG] SystemI::createSoundInternal             : exinfo->fileoffset         = 71552
[LOG] SystemI::createSoundInternal             : exinfo->numsubsounds       = 1
[LOG] SystemI::createSoundInternal             : exinfo->inclusionlist      = 000000CF661DF0B8
[LOG] SystemI::createSoundInternal             : exinfo->inclusionlistnum   = 1
[LOG] SystemI::createSoundInternal             : exinfo->suggestedsoundtype = 5
[LOG] SystemI::createSoundInternal             : exinfo->useropen           = 00007FF9F7AE0AD0
[LOG] SystemI::createSoundInternal             : exinfo->userclose          = 00007FF9F7AE0AA0
[LOG] SystemI::createSoundInternal             : exinfo->userread           = 00007FF9F7AE0BA0
[LOG] SystemI::createSoundInternal             : exinfo->userseek           = 00007FF9F7AE0C60
[LOG] SystemI::createSoundInternal             : exinfo->fileuserdata       = 00000266D350B208
[LOG] SystemI::createSoundInternal             : exinfo->initialseekpostype = 1
[LOG] SystemI::DSPCodecPoolRegister            : register codec pool for pool type 5
[LOG] SystemI::createSoundInternal             : Sample 0/1: name='duck_2', format=5, channels=2, frequency=48000, lengthbytes=14400, lengthpcm=53500, pcmblocksize=0, loopstart=0, loopend=0, mode=0x00000000, channelmask=0x00000000, channelorder=0, peakvolume=0.041718.
[LOG] SystemI::createSoundInternal             : Create name='', mode=0x02000202
[LOG] SystemI::createSoundInternal             : exinfo->cbsize             = 224
[LOG] SystemI::createSoundInternal             : exinfo->length             = 4107552
[LOG] SystemI::createSoundInternal             : exinfo->fileoffset         = 71552
[LOG] SystemI::createSoundInternal             : exinfo->numsubsounds       = 1
[LOG] SystemI::createSoundInternal             : exinfo->inclusionlist      = 000000CF661DF0B8
[LOG] SystemI::createSoundInternal             : exinfo->inclusionlistnum   = 1
[LOG] SystemI::createSoundInternal             : exinfo->suggestedsoundtype = 5
[LOG] SystemI::createSoundInternal             : exinfo->useropen           = 00007FF9F7AE0AD0
[LOG] SystemI::createSoundInternal             : exinfo->userclose          = 00007FF9F7AE0AA0
[LOG] SystemI::createSoundInternal             : exinfo->userread           = 00007FF9F7AE0BA0
[LOG] SystemI::createSoundInternal             : exinfo->userseek           = 00007FF9F7AE0C60
[LOG] SystemI::createSoundInternal             : exinfo->fileuserdata       = 00000266D350B208
[LOG] SystemI::createSoundInternal             : exinfo->initialseekpostype = 1
[LOG] SystemI::DSPCodecPoolRegister            : register codec pool for pool type 5
[LOG] SystemI::createSoundInternal             : Sample 0/1: name='door_squeek', format=5, channels=2, frequency=48000, lengthbytes=18144, lengthpcm=62797, pcmblocksize=0, loopstart=0, loopend=0, mode=0x00000000, channelmask=0x00000000, channelorder=0, peakvolume=0.333254.
[LOG] SystemI::createSoundInternal             : Create name='', mode=0x02000202
[LOG] SystemI::createSoundInternal             : exinfo->cbsize             = 224
[LOG] SystemI::createSoundInternal             : exinfo->length             = 4107552
[LOG] SystemI::createSoundInternal             : exinfo->fileoffset         = 71552
[LOG] SystemI::createSoundInternal             : exinfo->numsubsounds       = 1
[LOG] SystemI::createSoundInternal             : exinfo->inclusionlist      = 000000CF661DF0B8
[LOG] SystemI::createSoundInternal             : exinfo->inclusionlistnum   = 1
[LOG] SystemI::createSoundInternal             : exinfo->suggestedsoundtype = 5
[LOG] SystemI::createSoundInternal             : exinfo->useropen           = 00007FF9F7AE0AD0
[LOG] SystemI::createSoundInternal             : exinfo->userclose          = 00007FF9F7AE0AA0
[LOG] SystemI::createSoundInternal             : exinfo->userread           = 00007FF9F7AE0BA0
[LOG] SystemI::createSoundInternal             : exinfo->userseek           = 00007FF9F7AE0C60
[LOG] SystemI::createSoundInternal             : exinfo->fileuserdata       = 00000266D350B208
[LOG] SystemI::createSoundInternal             : exinfo->initialseekpostype = 1
[LOG] SystemI::DSPCodecPoolRegister            : register codec pool for pool type 5
[LOG] SystemI::createSoundInternal             : Sample 0/1: name='duck_3', format=5, channels=2, frequency=48000, lengthbytes=15520, lengthpcm=53500, pcmblocksize=0, loopstart=0, loopend=0, mode=0x00000000, channelmask=0x00000000, channelorder=0, peakvolume=0.106567.
[LOG] SystemI::createSoundInternal             : Create name='', mode=0x02000202
[LOG] SystemI::createSoundInternal             : exinfo->cbsize             = 224
[LOG] SystemI::createSoundInternal             : exinfo->length             = 4107552
[LOG] SystemI::createSoundInternal             : exinfo->fileoffset         = 71552
[LOG] SystemI::createSoundInternal             : exinfo->numsubsounds       = 1
[LOG] SystemI::createSoundInternal             : exinfo->inclusionlist      = 000000CF661DF0B8
[LOG] SystemI::createSoundInternal             : exinfo->inclusionlistnum   = 1
[LOG] SystemI::createSoundInternal             : exinfo->suggestedsoundtype = 5
[LOG] SystemI::createSoundInternal             : exinfo->useropen           = 00007FF9F7AE0AD0
[LOG] SystemI::createSoundInternal             : exinfo->userclose          = 00007FF9F7AE0AA0
[LOG] SystemI::createSoundInternal             : exinfo->userread           = 00007FF9F7AE0BA0
[LOG] SystemI::createSoundInternal             : exinfo->userseek           = 00007FF9F7AE0C60
[LOG] SystemI::createSoundInternal             : exinfo->fileuserdata       = 00000266D350B208
[LOG] SystemI::createSoundInternal             : exinfo->initialseekpostype = 1
[LOG] SystemI::DSPCodecPoolRegister            : register codec pool for pool type 5
[LOG] SystemI::createSoundInternal             : Sample 0/1: name='duck_6', format=5, channels=2, frequency=48000, lengthbytes=14848, lengthpcm=47673, pcmblocksize=0, loopstart=0, loopend=0, mode=0x00000000, channelmask=0x00000000, channelorder=0, peakvolume=0.303680.
[LOG] SystemI::createSoundInternal             : Create name='', mode=0x02000202
[LOG] SystemI::createSoundInternal             : exinfo->cbsize             = 224
[LOG] SystemI::createSoundInternal             : exinfo->length             = 4107552
[LOG] SystemI::createSoundInternal             : exinfo->fileoffset         = 71552
[LOG] SystemI::createSoundInternal             : exinfo->numsubsounds       = 1
[LOG] SystemI::createSoundInternal             : exinfo->inclusionlist      = 000000CF661DF0B8
[LOG] SystemI::createSoundInternal             : exinfo->inclusionlistnum   = 1
[LOG] SystemI::createSoundInternal             : exinfo->suggestedsoundtype = 5
[LOG] SystemI::createSoundInternal             : exinfo->useropen           = 00007FF9F7AE0AD0
[LOG] SystemI::createSoundInternal             : exinfo->userclose          = 00007FF9F7AE0AA0
[LOG] SystemI::createSoundInternal             : exinfo->userread           = 00007FF9F7AE0BA0
[LOG] SystemI::createSoundInternal             : exinfo->userseek           = 00007FF9F7AE0C60
[LOG] SystemI::createSoundInternal             : exinfo->fileuserdata       = 00000267128D4A48
[LOG] SystemI::createSoundInternal             : exinfo->initialseekpostype = 1
[LOG] SystemI::DSPCodecPoolRegister            : register codec pool for pool type 5
[LOG] SystemI::createSoundInternal             : Sample 0/1: name='398036__swordofkings128__water-swimming-2', format=5, channels=1, frequency=48000, lengthbytes=11392, lengthpcm=92786, pcmblocksize=0, loopstart=0, loopend=0, mode=0x00000000, channelmask=0x00000000, channelorder=0, peakvolume=0.113098.
[LOG] SystemI::createSoundInternal             : Create name='', mode=0x02000202
[LOG] SystemI::createSoundInternal             : exinfo->cbsize             = 224
[LOG] SystemI::createSoundInternal             : exinfo->length             = 4107552
[LOG] SystemI::createSoundInternal             : exinfo->fileoffset         = 71552
[LOG] SystemI::createSoundInternal             : exinfo->numsubsounds       = 1
[LOG] SystemI::createSoundInternal             : exinfo->inclusionlist      = 000000CF661DF0B8
[LOG] SystemI::createSoundInternal             : exinfo->inclusionlistnum   = 1
[LOG] SystemI::createSoundInternal             : exinfo->suggestedsoundtype = 5
[LOG] SystemI::createSoundInternal             : exinfo->useropen           = 00007FF9F7AE0AD0
[LOG] SystemI::createSoundInternal             : exinfo->userclose          = 00007FF9F7AE0AA0
[LOG] SystemI::createSoundInternal             : exinfo->userread           = 00007FF9F7AE0BA0
[LOG] SystemI::createSoundInternal             : exinfo->userseek           = 00007FF9F7AE0C60
[LOG] SystemI::createSoundInternal             : exinfo->fileuserdata       = 00000267128D4A48
[LOG] SystemI::createSoundInternal             : exinfo->initialseekpostype = 1
[LOG] SystemI::DSPCodecPoolRegister            : register codec pool for pool type 5
[LOG] SystemI::createSoundInternal             : Sample 0/1: name='grass_step_1', format=5, channels=2, frequency=48000, lengthbytes=6368, lengthpcm=28909, pcmblocksize=0, loopstart=0, loopend=0, mode=0x00000000, channelmask=0x00000000, channelorder=0, peakvolume=0.372620.
[LOG] SystemI::createSoundInternal             : Create name='', mode=0x02000202
[LOG] SystemI::createSoundInternal             : exinfo->cbsize             = 224
[LOG] SystemI::createSoundInternal             : exinfo->length             = 4107552
[LOG] SystemI::createSoundInternal             : exinfo->fileoffset         = 71552
[LOG] SystemI::createSoundInternal             : exinfo->numsubsounds       = 1
[LOG] SystemI::createSoundInternal             : exinfo->inclusionlist      = 000000CF661DF0B8
[LOG] SystemI::createSoundInternal             : exinfo->inclusionlistnum   = 1
[LOG] SystemI::createSoundInternal             : exinfo->suggestedsoundtype = 5
[LOG] SystemI::createSoundInternal             : exinfo->useropen           = 00007FF9F7AE0AD0
[LOG] SystemI::createSoundInternal             : exinfo->userclose          = 00007FF9F7AE0AA0
[LOG] SystemI::createSoundInternal             : exinfo->userread           = 00007FF9F7AE0BA0
[LOG] SystemI::createSoundInternal             : exinfo->userseek           = 00007FF9F7AE0C60
[LOG] SystemI::createSoundInternal             : exinfo->fileuserdata       = 00000267128D4A48
[LOG] SystemI::createSoundInternal             : exinfo->initialseekpostype = 1
[LOG] SystemI::DSPCodecPoolRegister            : register codec pool for pool type 5
[LOG] SystemI::createSoundInternal             : Sample 0/1: name='grass_step_3', format=5, channels=2, frequency=48000, lengthbytes=9408, lengthpcm=41174, pcmblocksize=0, loopstart=0, loopend=0, mode=0x00000000, channelmask=0x00000000, channelorder=0, peakvolume=0.279541.
[LOG] SystemI::createSoundInternal             : Create name='', mode=0x02000202
[LOG] SystemI::createSoundInternal             : exinfo->cbsize             = 224
[LOG] SystemI::createSoundInternal             : exinfo->length             = 4107552
[LOG] SystemI::createSoundInternal             : exinfo->fileoffset         = 71552
[LOG] SystemI::createSoundInternal             : exinfo->numsubsounds       = 1
[LOG] SystemI::createSoundInternal             : exinfo->inclusionlist      = 000000CF661DF0B8
[LOG] SystemI::createSoundInternal             : exinfo->inclusionlistnum   = 1
[LOG] SystemI::createSoundInternal             : exinfo->suggestedsoundtype = 5
[LOG] SystemI::createSoundInternal             : exinfo->useropen           = 00007FF9F7AE0AD0
[LOG] SystemI::createSoundInternal             : exinfo->userclose          = 00007FF9F7AE0AA0
[LOG] SystemI::createSoundInternal             : exinfo->userread           = 00007FF9F7AE0BA0
[LOG] SystemI::createSoundInternal             : exinfo->userseek           = 00007FF9F7AE0C60
[LOG] SystemI::createSoundInternal             : exinfo->fileuserdata       = 00000267128D4A48
[LOG] SystemI::createSoundInternal             : exinfo->initialseekpostype = 1
[LOG] SystemI::DSPCodecPoolRegister            : register codec pool for pool type 5
[LOG] SystemI::createSoundInternal             : Sample 0/1: name='Footsteps-8', format=5, channels=2, frequency=48000, lengthbytes=3040, lengthpcm=24192, pcmblocksize=0, loopstart=0, loopend=0, mode=0x00000000, channelmask=0x00000000, channelorder=0, peakvolume=0.803467.
[LOG] SystemI::createSoundInternal             : Create name='', mode=0x02000202
[LOG] SystemI::createSoundInternal             : exinfo->cbsize             = 224
[LOG] SystemI::createSoundInternal             : exinfo->length             = 4107552
[LOG] SystemI::createSoundInternal             : exinfo->fileoffset         = 71552
[LOG] SystemI::createSoundInternal             : exinfo->numsubsounds       = 1
[LOG] SystemI::createSoundInternal             : exinfo->inclusionlist      = 000000CF661DF0B8
[LOG] SystemI::createSoundInternal             : exinfo->inclusionlistnum   = 1
[LOG] SystemI::createSoundInternal             : exinfo->suggestedsoundtype = 5
[LOG] SystemI::createSoundInternal             : exinfo->useropen           = 00007FF9F7AE0AD0
[LOG] SystemI::createSoundInternal             : exinfo->userclose          = 00007FF9F7AE0AA0
[LOG] SystemI::createSoundInternal             : exinfo->userread           = 00007FF9F7AE0BA0
[LOG] SystemI::createSoundInternal             : exinfo->userseek           = 00007FF9F7AE0C60
[LOG] SystemI::createSoundInternal             : exinfo->fileuserdata       = 00000267128D4A48
[LOG] SystemI::createSoundInternal             : exinfo->initialseekpostype = 1
[LOG] SystemI::DSPCodecPoolRegister            : register codec pool for pool type 5
[LOG] SystemI::createSoundInternal             : Sample 0/1: name='Footsteps-2', format=5, channels=2, frequency=48000, lengthbytes=3968, lengthpcm=24192, pcmblocksize=0, loopstart=0, loopend=0, mode=0x00000000, channelmask=0x00000000, channelorder=0, peakvolume=0.999969.
[LOG] SystemI::createSoundInternal             : Create name='', mode=0x02000202
[LOG] SystemI::createSoundInternal             : exinfo->cbsize             = 224
[LOG] SystemI::createSoundInternal             : exinfo->length             = 4107552
[LOG] SystemI::createSoundInternal             : exinfo->fileoffset         = 71552
[LOG] SystemI::createSoundInternal             : exinfo->numsubsounds       = 1
[LOG] SystemI::createSoundInternal             : exinfo->inclusionlist      = 000000CF661DF0B8
[LOG] SystemI::createSoundInternal             : exinfo->inclusionlistnum   = 1
[LOG] SystemI::createSoundInternal             : exinfo->suggestedsoundtype = 5
[LOG] SystemI::createSoundInternal             : exinfo->useropen           = 00007FF9F7AE0AD0
[LOG] SystemI::createSoundInternal             : exinfo->userclose          = 00007FF9F7AE0AA0
[LOG] SystemI::createSoundInternal             : exinfo->userread           = 00007FF9F7AE0BA0
[LOG] SystemI::createSoundInternal             : exinfo->userseek           = 00007FF9F7AE0C60
[LOG] SystemI::createSoundInternal             : exinfo->fileuserdata       = 00000267128D4A48
[LOG] SystemI::createSoundInternal             : exinfo->initialseekpostype = 1
[LOG] SystemI::DSPCodecPoolRegister            : register codec pool for pool type 5
[LOG] SystemI::createSoundInternal             : Sample 0/1: name='Footsteps-15', format=5, channels=2, frequency=48000, lengthbytes=2912, lengthpcm=24192, pcmblocksize=0, loopstart=0, loopend=0, mode=0x00000000, channelmask=0x00000000, channelorder=0, peakvolume=0.927063.
[LOG] SystemI::createSoundInternal             : Create name='', mode=0x02000202
[LOG] SystemI::createSoundInternal             : exinfo->cbsize             = 224
[LOG] SystemI::createSoundInternal             : exinfo->length             = 4107552
[LOG] SystemI::createSoundInternal             : exinfo->fileoffset         = 71552
[LOG] SystemI::createSoundInternal             : exinfo->numsubsounds       = 1
[LOG] SystemI::createSoundInternal             : exinfo->inclusionlist      = 000000CF661DF0B8
[LOG] SystemI::createSoundInternal             : exinfo->inclusionlistnum   = 1
[LOG] SystemI::createSoundInternal             : exinfo->suggestedsoundtype = 5
[LOG] SystemI::createSoundInternal             : exinfo->useropen           = 00007FF9F7AE0AD0
[LOG] SystemI::createSoundInternal             : exinfo->userclose          = 00007FF9F7AE0AA0
[LOG] SystemI::createSoundInternal             : exinfo->userread           = 00007FF9F7AE0BA0
[LOG] SystemI::createSoundInternal             : exinfo->userseek           = 00007FF9F7AE0C60
[LOG] SystemI::createSoundInternal             : exinfo->fileuserdata       = 00000267128D4A48
[LOG] SystemI::createSoundInternal             : exinfo->initialseekpostype = 1
[LOG] SystemI::DSPCodecPoolRegister            : register codec pool for pool type 5
[LOG] SystemI::createSoundInternal             : Sample 0/1: name='Footsteps-11', format=5, channels=2, frequency=48000, lengthbytes=4000, lengthpcm=24192, pcmblocksize=0, loopstart=0, loopend=0, mode=0x00000000, channelmask=0x00000000, channelorder=0, peakvolume=0.999634.
[LOG] SystemI::createSoundInternal             : Create name='', mode=0x02000202
[LOG] SystemI::createSoundInternal             : exinfo->cbsize             = 224
[LOG] SystemI::createSoundInternal             : exinfo->length             = 4107552
[LOG] SystemI::createSoundInternal             : exinfo->fileoffset         = 71552
[LOG] SystemI::createSoundInternal             : exinfo->numsubsounds       = 1
[LOG] SystemI::createSoundInternal             : exinfo->inclusionlist      = 000000CF661DF0B8
[LOG] SystemI::createSoundInternal             : exinfo->inclusionlistnum   = 1
[LOG] SystemI::createSoundInternal             : exinfo->suggestedsoundtype = 5
[LOG] SystemI::createSoundInternal             : exinfo->useropen           = 00007FF9F7AE0AD0
[LOG] SystemI::createSoundInternal             : exinfo->userclose          = 00007FF9F7AE0AA0
[LOG] SystemI::createSoundInternal             : exinfo->userread           = 00007FF9F7AE0BA0
[LOG] SystemI::createSoundInternal             : exinfo->userseek           = 00007FF9F7AE0C60
[LOG] SystemI::createSoundInternal             : exinfo->fileuserdata       = 00000267128D4A48
[LOG] SystemI::createSoundInternal             : exinfo->initialseekpostype = 1
[LOG] SystemI::DSPCodecPoolRegister            : register codec pool for pool type 5
[LOG] SystemI::createSoundInternal             : Sample 0/1: name='Footsteps-1', format=5, channels=2, frequency=48000, lengthbytes=3168, lengthpcm=24192, pcmblocksize=0, loopstart=0, loopend=0, mode=0x00000000, channelmask=0x00000000, channelorder=0, peakvolume=0.994171.
[LOG] SystemI::createSoundInternal             : Create name='', mode=0x02000202
[LOG] SystemI::createSoundInternal             : exinfo->cbsize             = 224
[LOG] SystemI::createSoundInternal             : exinfo->length             = 4107552
[LOG] SystemI::createSoundInternal             : exinfo->fileoffset         = 71552
[LOG] SystemI::createSoundInternal             : exinfo->numsubsounds       = 1
[LOG] SystemI::createSoundInternal             : exinfo->inclusionlist      = 000000CF661DF0B8
[LOG] SystemI::createSoundInternal             : exinfo->inclusionlistnum   = 1
[LOG] SystemI::createSoundInternal             : exinfo->suggestedsoundtype = 5
[LOG] SystemI::createSoundInternal             : exinfo->useropen           = 00007FF9F7AE0AD0
[LOG] SystemI::createSoundInternal             : exinfo->userclose          = 00007FF9F7AE0AA0
[LOG] SystemI::createSoundInternal             : exinfo->userread           = 00007FF9F7AE0BA0
[LOG] SystemI::createSoundInternal             : exinfo->userseek           = 00007FF9F7AE0C60
[LOG] SystemI::createSoundInternal             : exinfo->fileuserdata       = 00000267128D4A48
[LOG] SystemI::createSoundInternal             : exinfo->initialseekpostype = 1
[LOG] SystemI::DSPCodecPoolRegister            : register codec pool for pool type 5
[LOG] SystemI::createSoundInternal             : Sample 0/1: name='Footsteps-6', format=5, channels=2, frequency=48000, lengthbytes=3040, lengthpcm=24192, pcmblocksize=0, loopstart=0, loopend=0, mode=0x00000000, channelmask=0x00000000, channelorder=0, peakvolume=0.757416.
[LOG] SystemI::createSoundInternal             : Create name='', mode=0x02000202
[LOG] SystemI::createSoundInternal             : exinfo->cbsize             = 224
[LOG] SystemI::createSoundInternal             : exinfo->length             = 4107552
[LOG] SystemI::createSoundInternal             : exinfo->fileoffset         = 71552
[LOG] SystemI::createSoundInternal             : exinfo->numsubsounds       = 1
[LOG] SystemI::createSoundInternal             : exinfo->inclusionlist      = 000000CF661DF0B8
[LOG] SystemI::createSoundInternal             : exinfo->inclusionlistnum   = 1
[LOG] SystemI::createSoundInternal             : exinfo->suggestedsoundtype = 5
[LOG] SystemI::createSoundInternal             : exinfo->useropen           = 00007FF9F7AE0AD0
[LOG] SystemI::createSoundInternal             : exinfo->userclose          = 00007FF9F7AE0AA0
[LOG] SystemI::createSoundInternal             : exinfo->userread           = 00007FF9F7AE0BA0
[LOG] SystemI::createSoundInternal             : exinfo->userseek           = 00007FF9F7AE0C60
[LOG] SystemI::createSoundInternal             : exinfo->fileuserdata       = 00000267128D4A48
[LOG] SystemI::createSoundInternal             : exinfo->initialseekpostype = 1
[LOG] SystemI::DSPCodecPoolRegister            : register codec pool for pool type 5
[LOG] SystemI::createSoundInternal             : Sample 0/1: name='grass_step_4', format=5, channels=2, frequency=48000, lengthbytes=7808, lengthpcm=34165, pcmblocksize=0, loopstart=0, loopend=0, mode=0x00000000, channelmask=0x00000000, channelorder=0, peakvolume=0.272797.
[LOG] SystemI::createSoundInternal             : Create name='', mode=0x02000202
[LOG] SystemI::createSoundInternal             : exinfo->cbsize             = 224
[LOG] SystemI::createSoundInternal             : exinfo->length             = 4107552
[LOG] SystemI::createSoundInternal             : exinfo->fileoffset         = 71552
[LOG] SystemI::createSoundInternal             : exinfo->numsubsounds       = 1
[LOG] SystemI::createSoundInternal             : exinfo->inclusionlist      = 000000CF661DF0B8
[LOG] SystemI::createSoundInternal             : exinfo->inclusionlistnum   = 1
[LOG] SystemI::createSoundInternal             : exinfo->suggestedsoundtype = 5
[LOG] SystemI::createSoundInternal             : exinfo->useropen           = 00007FF9F7AE0AD0
[LOG] SystemI::createSoundInternal             : exinfo->userclose          = 00007FF9F7AE0AA0
[LOG] SystemI::createSoundInternal             : exinfo->userread           = 00007FF9F7AE0BA0
[LOG] SystemI::createSoundInternal             : exinfo->userseek           = 00007FF9F7AE0C60
[LOG] SystemI::createSoundInternal             : exinfo->fileuserdata       = 00000267128D4A48
[LOG] SystemI::createSoundInternal             : exinfo->initialseekpostype = 1
[LOG] SystemI::DSPCodecPoolRegister            : register codec pool for pool type 5
[LOG] SystemI::createSoundInternal             : Sample 0/1: name='grass_step_2', format=5, channels=2, frequency=48000, lengthbytes=9152, lengthpcm=38545, pcmblocksize=0, loopstart=0, loopend=0, mode=0x00000000, channelmask=0x00000000, channelorder=0, peakvolume=0.328156.
[LOG] SystemI::createSoundInternal             : Create name='', mode=0x02000202
[LOG] SystemI::createSoundInternal             : exinfo->cbsize             = 224
[LOG] SystemI::createSoundInternal             : exinfo->length             = 4107552
[LOG] SystemI::createSoundInternal             : exinfo->fileoffset         = 71552
[LOG] SystemI::createSoundInternal             : exinfo->numsubsounds       = 1
[LOG] SystemI::createSoundInternal             : exinfo->inclusionlist      = 000000CF661DF0B8
[LOG] SystemI::createSoundInternal             : exinfo->inclusionlistnum   = 1
[LOG] SystemI::createSoundInternal             : exinfo->suggestedsoundtype = 5
[LOG] SystemI::createSoundInternal             : exinfo->useropen           = 00007FF9F7AE0AD0
[LOG] SystemI::createSoundInternal             : exinfo->userclose          = 00007FF9F7AE0AA0
[LOG] SystemI::createSoundInternal             : exinfo->userread           = 00007FF9F7AE0BA0
[LOG] SystemI::createSoundInternal             : exinfo->userseek           = 00007FF9F7AE0C60
[LOG] SystemI::createSoundInternal             : exinfo->fileuserdata       = 00000267128D4A48
[LOG] SystemI::createSoundInternal             : exinfo->initialseekpostype = 1
[LOG] SystemI::DSPCodecPoolRegister            : register codec pool for pool type 5
[LOG] SystemI::createSoundInternal             : Sample 0/1: name='Footsteps-13', format=5, channels=2, frequency=48000, lengthbytes=3008, lengthpcm=24192, pcmblocksize=0, loopstart=0, loopend=0, mode=0x00000000, channelmask=0x00000000, channelorder=0, peakvolume=0.999969.
[LOG] SystemI::createSoundInternal             : Create name='', mode=0x02000202
[LOG] SystemI::createSoundInternal             : exinfo->cbsize             = 224
[LOG] SystemI::createSoundInternal             : exinfo->length             = 4107552
[LOG] SystemI::createSoundInternal             : exinfo->fileoffset         = 71552
[LOG] SystemI::createSoundInternal             : exinfo->numsubsounds       = 1
[LOG] SystemI::createSoundInternal             : exinfo->inclusionlist      = 000000CF661DF0B8
[LOG] SystemI::createSoundInternal             : exinfo->inclusionlistnum   = 1
[LOG] SystemI::createSoundInternal             : exinfo->suggestedsoundtype = 5
[LOG] SystemI::createSoundInternal             : exinfo->useropen           = 00007FF9F7AE0AD0
[LOG] SystemI::createSoundInternal             : exinfo->userclose          = 00007FF9F7AE0AA0
[LOG] SystemI::createSoundInternal             : exinfo->userread           = 00007FF9F7AE0BA0
[LOG] SystemI::createSoundInternal             : exinfo->userseek           = 00007FF9F7AE0C60
[LOG] SystemI::createSoundInternal             : exinfo->fileuserdata       = 00000267128D4A48
[LOG] SystemI::createSoundInternal             : exinfo->initialseekpostype = 1
[LOG] SystemI::DSPCodecPoolRegister            : register codec pool for pool type 5
[LOG] SystemI::createSoundInternal             : Sample 0/1: name='grass_step_5', format=5, channels=2, frequency=48000, lengthbytes=8576, lengthpcm=38545, pcmblocksize=0, loopstart=0, loopend=0, mode=0x00000000, channelmask=0x00000000, channelorder=0, peakvolume=0.320190.
[LOG] SystemI::createSoundInternal             : Create name='', mode=0x02000202
[LOG] SystemI::createSoundInternal             : exinfo->cbsize             = 224
[LOG] SystemI::createSoundInternal             : exinfo->length             = 4107552
[LOG] SystemI::createSoundInternal             : exinfo->fileoffset         = 71552
[LOG] SystemI::createSoundInternal             : exinfo->numsubsounds       = 1
[LOG] SystemI::createSoundInternal             : exinfo->inclusionlist      = 000000CF661DF0B8
[LOG] SystemI::createSoundInternal             : exinfo->inclusionlistnum   = 1
[LOG] SystemI::createSoundInternal             : exinfo->suggestedsoundtype = 5
[LOG] SystemI::createSoundInternal             : exinfo->useropen           = 00007FF9F7AE0AD0
[LOG] SystemI::createSoundInternal             : exinfo->userclose          = 00007FF9F7AE0AA0
[LOG] SystemI::createSoundInternal             : exinfo->userread           = 00007FF9F7AE0BA0
[LOG] SystemI::createSoundInternal             : exinfo->userseek           = 00007FF9F7AE0C60
[LOG] SystemI::createSoundInternal             : exinfo->fileuserdata       = 00000267128D4A48
[LOG] SystemI::createSoundInternal             : exinfo->initialseekpostype = 1
[LOG] SystemI::DSPCodecPoolRegister            : register codec pool for pool type 5
[LOG] SystemI::createSoundInternal             : Sample 0/1: name='398037__swordofkings128__water-swimming-1', format=5, channels=1, frequency=48000, lengthbytes=11968, lengthpcm=92786, pcmblocksize=0, loopstart=0, loopend=0, mode=0x00000000, channelmask=0x00000000, channelorder=0, peakvolume=0.264893.
[LOG] SystemI::createSoundInternal             : Create name='', mode=0x02000202
[LOG] SystemI::createSoundInternal             : exinfo->cbsize             = 224
[LOG] SystemI::createSoundInternal             : exinfo->length             = 4107552
[LOG] SystemI::createSoundInternal             : exinfo->fileoffset         = 71552
[LOG] SystemI::createSoundInternal             : exinfo->numsubsounds       = 1
[LOG] SystemI::createSoundInternal             : exinfo->inclusionlist      = 000000CF661DF0B8
[LOG] SystemI::createSoundInternal             : exinfo->inclusionlistnum   = 1
[LOG] SystemI::createSoundInternal             : exinfo->suggestedsoundtype = 5
[LOG] SystemI::createSoundInternal             : exinfo->useropen           = 00007FF9F7AE0AD0
[LOG] SystemI::createSoundInternal             : exinfo->userclose          = 00007FF9F7AE0AA0
[LOG] SystemI::createSoundInternal             : exinfo->userread           = 00007FF9F7AE0BA0
[LOG] SystemI::createSoundInternal             : exinfo->userseek           = 00007FF9F7AE0C60
[LOG] SystemI::createSoundInternal             : exinfo->fileuserdata       = 00000267128D4A48
[LOG] SystemI::createSoundInternal             : exinfo->initialseekpostype = 1
[LOG] SystemI::DSPCodecPoolRegister            : register codec pool for pool type 5
[LOG] SystemI::createSoundInternal             : Sample 0/1: name='398042__swordofkings128__water-swimming-3', format=5, channels=1, frequency=48000, lengthbytes=12000, lengthpcm=94040, pcmblocksize=0, loopstart=0, loopend=0, mode=0x00000000, channelmask=0x00000000, channelorder=0, peakvolume=0.216309.
[LOG] SystemI::createSoundInternal             : Create name='', mode=0x02000202
[LOG] SystemI::createSoundInternal             : exinfo->cbsize             = 224
[LOG] SystemI::createSoundInternal             : exinfo->length             = 4107552
[LOG] SystemI::createSoundInternal             : exinfo->fileoffset         = 71552
[LOG] SystemI::createSoundInternal             : exinfo->numsubsounds       = 1
[LOG] SystemI::createSoundInternal             : exinfo->inclusionlist      = 000000CF661DF0B8
[LOG] SystemI::createSoundInternal             : exinfo->inclusionlistnum   = 1
[LOG] SystemI::createSoundInternal             : exinfo->suggestedsoundtype = 5
[LOG] SystemI::createSoundInternal             : exinfo->useropen           = 00007FF9F7AE0AD0
[LOG] SystemI::createSoundInternal             : exinfo->userclose          = 00007FF9F7AE0AA0
[LOG] SystemI::createSoundInternal             : exinfo->userread           = 00007FF9F7AE0BA0
[LOG] SystemI::createSoundInternal             : exinfo->userseek           = 00007FF9F7AE0C60
[LOG] SystemI::createSoundInternal             : exinfo->fileuserdata       = 00000267128D4A48
[LOG] SystemI::createSoundInternal             : exinfo->initialseekpostype = 1
[LOG] SystemI::DSPCodecPoolRegister            : register codec pool for pool type 5
[LOG] SystemI::createSoundInternal             : Sample 0/1: name='Footsteps-4', format=5, channels=2, frequency=48000, lengthbytes=3008, lengthpcm=24192, pcmblocksize=0, loopstart=0, loopend=0, mode=0x00000000, channelmask=0x00000000, channelorder=0, peakvolume=0.842194.
[LOG] SystemI::createSoundInternal             : Create name='', mode=0x02000202
[LOG] SystemI::createSoundInternal             : exinfo->cbsize             = 224
[LOG] SystemI::createSoundInternal             : exinfo->length             = 4107552
[LOG] SystemI::createSoundInternal             : exinfo->fileoffset         = 71552
[LOG] SystemI::createSoundInternal             : exinfo->numsubsounds       = 1
[LOG] SystemI::createSoundInternal             : exinfo->inclusionlist      = 000000CF661DF0B8
[LOG] SystemI::createSoundInternal             : exinfo->inclusionlistnum   = 1
[LOG] SystemI::createSoundInternal             : exinfo->suggestedsoundtype = 5
[LOG] SystemI::createSoundInternal             : exinfo->useropen           = 00007FF9F7AE0AD0
[LOG] SystemI::createSoundInternal             : exinfo->userclose          = 00007FF9F7AE0AA0
[LOG] SystemI::createSoundInternal             : exinfo->userread           = 00007FF9F7AE0BA0
[LOG] SystemI::createSoundInternal             : exinfo->userseek           = 00007FF9F7AE0C60
[LOG] SystemI::createSoundInternal             : exinfo->fileuserdata       = 00000267128D4A48
[LOG] SystemI::createSoundInternal             : exinfo->initialseekpostype = 1
[LOG] SystemI::DSPCodecPoolRegister            : register codec pool for pool type 5
[LOG] SystemI::createSoundInternal             : Sample 0/1: name='Footsteps-7', format=5, channels=2, frequency=48000, lengthbytes=4256, lengthpcm=24192, pcmblocksize=0, loopstart=0, loopend=0, mode=0x00000000, channelmask=0x00000000, channelorder=0, peakvolume=0.945923.
[LOG] SystemI::createSoundInternal             : Create name='', mode=0x02000202
[LOG] SystemI::createSoundInternal             : exinfo->cbsize             = 224
[LOG] SystemI::createSoundInternal             : exinfo->length             = 4107552
[LOG] SystemI::createSoundInternal             : exinfo->fileoffset         = 71552
[LOG] SystemI::createSoundInternal             : exinfo->numsubsounds       = 1
[LOG] SystemI::createSoundInternal             : exinfo->inclusionlist      = 000000CF661DF0B8
[LOG] SystemI::createSoundInternal             : exinfo->inclusionlistnum   = 1
[LOG] SystemI::createSoundInternal             : exinfo->suggestedsoundtype = 5
[LOG] SystemI::createSoundInternal             : exinfo->useropen           = 00007FF9F7AE0AD0
[LOG] SystemI::createSoundInternal             : exinfo->userclose          = 00007FF9F7AE0AA0
[LOG] SystemI::createSoundInternal             : exinfo->userread           = 00007FF9F7AE0BA0
[LOG] SystemI::createSoundInternal             : exinfo->userseek           = 00007FF9F7AE0C60
[LOG] SystemI::createSoundInternal             : exinfo->fileuserdata       = 00000267128D4A48
[LOG] SystemI::createSoundInternal             : exinfo->initialseekpostype = 1
[LOG] SystemI::DSPCodecPoolRegister            : register codec pool for pool type 5
[LOG] SystemI::createSoundInternal             : Sample 0/1: name='Footsteps-10', format=5, channels=2, frequency=48000, lengthbytes=3712, lengthpcm=24192, pcmblocksize=0, loopstart=0, loopend=0, mode=0x00000000, channelmask=0x00000000, channelorder=0, peakvolume=0.999268.
[LOG] SystemI::createSoundInternal             : Create name='', mode=0x02000202
[LOG] SystemI::createSoundInternal             : exinfo->cbsize             = 224
[LOG] SystemI::createSoundInternal             : exinfo->length             = 4107552
[LOG] SystemI::createSoundInternal             : exinfo->fileoffset         = 71552
[LOG] SystemI::createSoundInternal             : exinfo->numsubsounds       = 1
[LOG] SystemI::createSoundInternal             : exinfo->inclusionlist      = 000000CF661DF0B8
[LOG] SystemI::createSoundInternal             : exinfo->inclusionlistnum   = 1
[LOG] SystemI::createSoundInternal             : exinfo->suggestedsoundtype = 5
[LOG] SystemI::createSoundInternal             : exinfo->useropen           = 00007FF9F7AE0AD0
[LOG] SystemI::createSoundInternal             : exinfo->userclose          = 00007FF9F7AE0AA0
[LOG] SystemI::createSoundInternal             : exinfo->userread           = 00007FF9F7AE0BA0
[LOG] SystemI::createSoundInternal             : exinfo->userseek           = 00007FF9F7AE0C60
[LOG] SystemI::createSoundInternal             : exinfo->fileuserdata       = 00000267128D4A48
[LOG] SystemI::createSoundInternal             : exinfo->initialseekpostype = 1
[LOG] SystemI::DSPCodecPoolRegister            : register codec pool for pool type 5
[LOG] SystemI::createSoundInternal             : Sample 0/1: name='Footsteps-9', format=5, channels=2, frequency=48000, lengthbytes=4224, lengthpcm=24192, pcmblocksize=0, loopstart=0, loopend=0, mode=0x00000000, channelmask=0x00000000, channelorder=0, peakvolume=0.984680.
[LOG] SystemI::createSoundInternal             : Create name='', mode=0x02000202
[LOG] SystemI::createSoundInternal             : exinfo->cbsize             = 224
[LOG] SystemI::createSoundInternal             : exinfo->length             = 4107552
[LOG] SystemI::createSoundInternal             : exinfo->fileoffset         = 71552
[LOG] SystemI::createSoundInternal             : exinfo->numsubsounds       = 1
[LOG] SystemI::createSoundInternal             : exinfo->inclusionlist      = 000000CF661DF0B8
[LOG] SystemI::createSoundInternal             : exinfo->inclusionlistnum   = 1
[LOG] SystemI::createSoundInternal             : exinfo->suggestedsoundtype = 5
[LOG] SystemI::createSoundInternal             : exinfo->useropen           = 00007FF9F7AE0AD0
[LOG] SystemI::createSoundInternal             : exinfo->userclose          = 00007FF9F7AE0AA0
[LOG] SystemI::createSoundInternal             : exinfo->userread           = 00007FF9F7AE0BA0
[LOG] SystemI::createSoundInternal             : exinfo->userseek           = 00007FF9F7AE0C60
[LOG] SystemI::createSoundInternal             : exinfo->fileuserdata       = 00000267128D4A48
[LOG] SystemI::createSoundInternal             : exinfo->initialseekpostype = 1
[LOG] SystemI::DSPCodecPoolRegister            : register codec pool for pool type 5
[LOG] SystemI::createSoundInternal             : Sample 0/1: name='Footsteps-16', format=5, channels=2, frequency=48000, lengthbytes=3072, lengthpcm=24192, pcmblocksize=0, loopstart=0, loopend=0, mode=0x00000000, channelmask=0x00000000, channelorder=0, peakvolume=0.707672.
[LOG] SystemI::createSoundInternal             : Create name='', mode=0x02000202
[LOG] SystemI::createSoundInternal             : exinfo->cbsize             = 224
[LOG] SystemI::createSoundInternal             : exinfo->length             = 4107552
[LOG] SystemI::createSoundInternal             : exinfo->fileoffset         = 71552
[LOG] SystemI::createSoundInternal             : exinfo->numsubsounds       = 1
[LOG] SystemI::createSoundInternal             : exinfo->inclusionlist      = 000000CF661DF0B8
[LOG] SystemI::createSoundInternal             : exinfo->inclusionlistnum   = 1
[LOG] SystemI::createSoundInternal             : exinfo->suggestedsoundtype = 5
[LOG] SystemI::createSoundInternal             : exinfo->useropen           = 00007FF9F7AE0AD0
[LOG] SystemI::createSoundInternal             : exinfo->userclose          = 00007FF9F7AE0AA0
[LOG] SystemI::createSoundInternal             : exinfo->userread           = 00007FF9F7AE0BA0
[LOG] SystemI::createSoundInternal             : exinfo->userseek           = 00007FF9F7AE0C60
[LOG] SystemI::createSoundInternal             : exinfo->fileuserdata       = 00000267128D4A48
[LOG] SystemI::createSoundInternal             : exinfo->initialseekpostype = 1
[LOG] SystemI::DSPCodecPoolRegister            : register codec pool for pool type 5
[LOG] SystemI::createSoundInternal             : Sample 0/1: name='Footsteps-12', format=5, channels=2, frequency=48000, lengthbytes=4576, lengthpcm=24192, pcmblocksize=0, loopstart=0, loopend=0, mode=0x00000000, channelmask=0x00000000, channelorder=0, peakvolume=0.857025.
[LOG] SystemI::createSoundInternal             : Create name='', mode=0x02000202
[LOG] SystemI::createSoundInternal             : exinfo->cbsize             = 224
[LOG] SystemI::createSoundInternal             : exinfo->length             = 4107552
[LOG] SystemI::createSoundInternal             : exinfo->fileoffset         = 71552
[LOG] SystemI::createSoundInternal             : exinfo->numsubsounds       = 1
[LOG] SystemI::createSoundInternal             : exinfo->inclusionlist      = 000000CF661DF0B8
[LOG] SystemI::createSoundInternal             : exinfo->inclusionlistnum   = 1
[LOG] SystemI::createSoundInternal             : exinfo->suggestedsoundtype = 5
[LOG] SystemI::createSoundInternal             : exinfo->useropen           = 00007FF9F7AE0AD0
[LOG] SystemI::createSoundInternal             : exinfo->userclose          = 00007FF9F7AE0AA0
[LOG] SystemI::createSoundInternal             : exinfo->userread           = 00007FF9F7AE0BA0
[LOG] SystemI::createSoundInternal             : exinfo->userseek           = 00007FF9F7AE0C60
[LOG] SystemI::createSoundInternal             : exinfo->fileuserdata       = 00000267128D4A48
[LOG] SystemI::createSoundInternal             : exinfo->initialseekpostype = 1
[LOG] SystemI::DSPCodecPoolRegister            : register codec pool for pool type 5
[LOG] SystemI::createSoundInternal             : Sample 0/1: name='398040__swordofkings128__water-swimming-5', format=5, channels=1, frequency=48000, lengthbytes=11744, lengthpcm=92786, pcmblocksize=0, loopstart=0, loopend=0, mode=0x00000000, channelmask=0x00000000, channelorder=0, peakvolume=0.244598.
[LOG] SystemI::createSoundInternal             : Create name='', mode=0x02000202
[LOG] SystemI::createSoundInternal             : exinfo->cbsize             = 224
[LOG] SystemI::createSoundInternal             : exinfo->length             = 4107552
[LOG] SystemI::createSoundInternal             : exinfo->fileoffset         = 71552
[LOG] SystemI::createSoundInternal             : exinfo->numsubsounds       = 1
[LOG] SystemI::createSoundInternal             : exinfo->inclusionlist      = 000000CF661DF0B8
[LOG] SystemI::createSoundInternal             : exinfo->inclusionlistnum   = 1
[LOG] SystemI::createSoundInternal             : exinfo->suggestedsoundtype = 5
[LOG] SystemI::createSoundInternal             : exinfo->useropen           = 00007FF9F7AE0AD0
[LOG] SystemI::createSoundInternal             : exinfo->userclose          = 00007FF9F7AE0AA0
[LOG] SystemI::createSoundInternal             : exinfo->userread           = 00007FF9F7AE0BA0
[LOG] SystemI::createSoundInternal             : exinfo->userseek           = 00007FF9F7AE0C60
[LOG] SystemI::createSoundInternal             : exinfo->fileuserdata       = 00000267128D4A48
[LOG] SystemI::createSoundInternal             : exinfo->initialseekpostype = 1
[LOG] SystemI::DSPCodecPoolRegister            : register codec pool for pool type 5
[LOG] SystemI::createSoundInternal             : Sample 0/1: name='Footsteps-14', format=5, channels=2, frequency=48000, lengthbytes=3072, lengthpcm=24192, pcmblocksize=0, loopstart=0, loopend=0, mode=0x00000000, channelmask=0x00000000, channelorder=0, peakvolume=0.879639.
[LOG] SystemI::createSoundInternal             : Create name='', mode=0x02000202
[LOG] SystemI::createSoundInternal             : exinfo->cbsize             = 224
[LOG] SystemI::createSoundInternal             : exinfo->length             = 4107552
[LOG] SystemI::createSoundInternal             : exinfo->fileoffset         = 71552
[LOG] SystemI::createSoundInternal             : exinfo->numsubsounds       = 1
[LOG] SystemI::createSoundInternal             : exinfo->inclusionlist      = 000000CF661DF0B8
[LOG] SystemI::createSoundInternal             : exinfo->inclusionlistnum   = 1
[LOG] SystemI::createSoundInternal             : exinfo->suggestedsoundtype = 5
[LOG] SystemI::createSoundInternal             : exinfo->useropen           = 00007FF9F7AE0AD0
[LOG] SystemI::createSoundInternal             : exinfo->userclose          = 00007FF9F7AE0AA0
[LOG] SystemI::createSoundInternal             : exinfo->userread           = 00007FF9F7AE0BA0
[LOG] SystemI::createSoundInternal             : exinfo->userseek           = 00007FF9F7AE0C60
[LOG] SystemI::createSoundInternal             : exinfo->fileuserdata       = 00000267128D4A48
[LOG] SystemI::createSoundInternal             : exinfo->initialseekpostype = 1
[LOG] SystemI::DSPCodecPoolRegister            : register codec pool for pool type 5
[LOG] SystemI::createSoundInternal             : Sample 0/1: name='Footsteps-5', format=5, channels=2, frequency=48000, lengthbytes=3104, lengthpcm=24192, pcmblocksize=0, loopstart=0, loopend=0, mode=0x00000000, channelmask=0x00000000, channelorder=0, peakvolume=0.767822.
[LOG] SystemI::createSoundInternal             : Create name='', mode=0x02000202
[LOG] SystemI::createSoundInternal             : exinfo->cbsize             = 224
[LOG] SystemI::createSoundInternal             : exinfo->length             = 4107552
[LOG] SystemI::createSoundInternal             : exinfo->fileoffset         = 71552
[LOG] SystemI::createSoundInternal             : exinfo->numsubsounds       = 1
[LOG] SystemI::createSoundInternal             : exinfo->inclusionlist      = 000000CF661DF0B8
[LOG] SystemI::createSoundInternal             : exinfo->inclusionlistnum   = 1
[LOG] SystemI::createSoundInternal             : exinfo->suggestedsoundtype = 5
[LOG] SystemI::createSoundInternal             : exinfo->useropen           = 00007FF9F7AE0AD0
[LOG] SystemI::createSoundInternal             : exinfo->userclose          = 00007FF9F7AE0AA0
[LOG] SystemI::createSoundInternal             : exinfo->userread           = 00007FF9F7AE0BA0
[LOG] SystemI::createSoundInternal             : exinfo->userseek           = 00007FF9F7AE0C60
[LOG] SystemI::createSoundInternal             : exinfo->fileuserdata       = 00000267128D4A48
[LOG] SystemI::createSoundInternal             : exinfo->initialseekpostype = 1
[LOG] SystemI::DSPCodecPoolRegister            : register codec pool for pool type 5
[LOG] SystemI::createSoundInternal             : Sample 0/1: name='Footsteps-3', format=5, channels=2, frequency=48000, lengthbytes=3072, lengthpcm=24192, pcmblocksize=0, loopstart=0, loopend=0, mode=0x00000000, channelmask=0x00000000, channelorder=0, peakvolume=0.758575.
[LOG] SystemI::createSoundInternal             : Create name='', mode=0x02000202
[LOG] SystemI::createSoundInternal             : exinfo->cbsize             = 224
[LOG] SystemI::createSoundInternal             : exinfo->length             = 4107552
[LOG] SystemI::createSoundInternal             : exinfo->fileoffset         = 71552
[LOG] SystemI::createSoundInternal             : exinfo->numsubsounds       = 1
[LOG] SystemI::createSoundInternal             : exinfo->inclusionlist      = 000000CF661DF0B8
[LOG] SystemI::createSoundInternal             : exinfo->inclusionlistnum   = 1
[LOG] SystemI::createSoundInternal             : exinfo->suggestedsoundtype = 5
[LOG] SystemI::createSoundInternal             : exinfo->useropen           = 00007FF9F7AE0AD0
[LOG] SystemI::createSoundInternal             : exinfo->userclose          = 00007FF9F7AE0AA0
[LOG] SystemI::createSoundInternal             : exinfo->userread           = 00007FF9F7AE0BA0
[LOG] SystemI::createSoundInternal             : exinfo->userseek           = 00007FF9F7AE0C60
[LOG] SystemI::createSoundInternal             : exinfo->fileuserdata       = 00000267128D4A48
[LOG] SystemI::createSoundInternal             : exinfo->initialseekpostype = 1
[LOG] SystemI::DSPCodecPoolRegister            : register codec pool for pool type 5
[LOG] SystemI::createSoundInternal             : Sample 0/1: name='398041__swordofkings128__water-swimming-4', format=5, channels=1, frequency=48000, lengthbytes=12576, lengthpcm=94040, pcmblocksize=0, loopstart=0, loopend=0, mode=0x00000000, channelmask=0x00000000, channelorder=0, peakvolume=0.314758.
[LOG] SystemI::createSound                     : filename = FMOD/whatsmissing/Build/Desktop/InGame.bank : mode 02010082
[LOG] SystemI::createSound                     : FMOD_NONBLOCKING specified.  Putting into queue to be opened asynchronously!
[LOG] SystemI::createSound                     : setdata soundi = 00000267FDCA7988 : node = 000002684809EE80
[LOG] SystemI::createSound                     : add node to async list : head = 00000268532B1B28.  list count = 0
[LOG] SystemI::createSound                     : filename = FMOD/whatsmissing/Build/Desktop/InGame.bank : mode 02010082
[LOG] SystemI::createSound                     : FMOD_NONBLOCKING specified.  Putting into queue to be opened asynchronously!
[LOG] SystemI::createSound                     : setdata soundi = 00000267FDCA77D8 : node = 000002684809D1C0
[LOG] SystemI::createSound                     : add node to async list : head = 00000268532B1B28.  list count = 0
[LOG] AsyncThread::threadFunc                  : Starting Asynchronous operation on sound 00000267FDCA7988
[LOG] SystemI::createSoundInternal             :     Create name='FMOD/whatsmissing/Build/Desktop/InGame.bank', mode=0x02010082
[LOG] SystemI::createSoundInternal             :     exinfo->cbsize             = 224
[LOG] SystemI::createSoundInternal             :     exinfo->length             = 4107552
[LOG] SystemI::createSoundInternal             :     exinfo->fileoffset         = 71552
[LOG] SystemI::createSoundInternal             :     exinfo->numsubsounds       = 1
[LOG] SystemI::createSoundInternal             :     exinfo->inclusionlist      = 000002684809EF90
[LOG] SystemI::createSoundInternal             :     exinfo->inclusionlistnum   = 1
[LOG] SystemI::createSoundInternal             :     exinfo->suggestedsoundtype = 5
[LOG] SystemI::createSoundInternal             :     exinfo->initialseekpostype = 1
[LOG] SystemI::createSoundInternal             :     Stream 0/1: name='fire', format=5, channels=2, frequency=48000, lengthbytes=646560, lengthpcm=2591335, pcmblocksize=0, loopstart=0, loopend=0, mode=0x00000000, channelmask=0x00000000, channelorder=0, peakvolume=0.999969.
[LOG] AsyncThread::threadFunc                  : Finished Asynchronous operation on sound 00000267FDCA7988
[LOG] AsyncThread::threadFunc                  : Starting Asynchronous operation on sound 00000267FDCA77D8
[LOG] SystemI::createSoundInternal             :     Create name='FMOD/whatsmissing/Build/Desktop/InGame.bank', mode=0x02010082
[LOG] SystemI::createSoundInternal             :     exinfo->cbsize             = 224
[LOG] SystemI::createSoundInternal             :     exinfo->length             = 4107552
[LOG] SystemI::createSoundInternal             :     exinfo->fileoffset         = 71552
[LOG] SystemI::createSoundInternal             :     exinfo->numsubsounds       = 1
[LOG] SystemI::createSoundInternal             :     exinfo->inclusionlist      = 000002684809D2D0
[LOG] SystemI::createSoundInternal             :     exinfo->inclusionlistnum   = 1
[LOG] SystemI::createSoundInternal             :     exinfo->suggestedsoundtype = 5
[LOG] SystemI::createSoundInternal             :     exinfo->initialseekpostype = 1
[LOG] SystemI::createSoundInternal             :     Stream 0/1: name='fire', format=5, channels=2, frequency=48000, lengthbytes=646560, lengthpcm=2591335, pcmblocksize=0, loopstart=0, loopend=0, mode=0x00000000, channelmask=0x00000000, channelorder=0, peakvolume=0.999969.
[LOG] AsyncThread::threadFunc                  : Finished Asynchronous operation on sound 00000267FDCA77D8
[LOG] SoundI::release                          : fire (00000267FDCA7988)
[LOG] SoundI::release                          :     fire (000002672FA0FB58)
[LOG] SoundI::release                          :     fire (00000267A7CB8858)
[LOG] SoundI::release                          :  (0000026712E88818)
[LOG] SoundI::release                          :     Button_Click (000002672FA043B8)
[LOG] SoundI::release                          :  (0000026798354008)
[LOG] SoundI::release                          :     door_squeek (000002672FA05F58)
[LOG] SystemI::createSound                     : filename = FMOD/whatsmissing/Build/Desktop/Music.bank : mode 02010082
[LOG] SystemI::createSound                     : FMOD_NONBLOCKING specified.  Putting into queue to be opened asynchronously!
[LOG] SystemI::createSound                     : setdata soundi = 00000268475934D8 : node = 000002684809A380
[LOG] SystemI::createSound                     : add node to async list : head = 00000268532B1B28.  list count = 0
[LOG] SystemI::createSound                     : filename = FMOD/whatsmissing/Build/Desktop/Music.bank : mode 02010082
[LOG] AsyncThread::threadFunc                  : Starting Asynchronous operation on sound 00000268475934D8
[LOG] SystemI::createSound                     : FMOD_NONBLOCKING specified.  Putting into queue to be opened asynchronously!
[LOG] SystemI::createSoundInternal             :     Create name='FMOD/whatsmissing/Build/Desktop/Music.bank', mode=0x02010082
[LOG] SystemI::createSound                     :     setdata soundi = 0000026847595F08 : node = 000002684809BB40
[LOG] SystemI::createSoundInternal             :     exinfo->cbsize             = 224
[LOG] SystemI::createSound                     :     add node to async list : head = 00000268532B1B28.  list count = 0
[LOG] SystemI::createSoundInternal             :     exinfo->length             = 16298784
[LOG] SystemI::createSound                     :     filename = FMOD/whatsmissing/Build/Desktop/Music.bank : mode 02010082
[LOG] SystemI::createSoundInternal             :     exinfo->fileoffset         = 33216
[LOG] SystemI::createSound                     :     FMOD_NONBLOCKING specified.  Putting into queue to be opened asynchronously!
[LOG] SystemI::createSoundInternal             :     exinfo->numsubsounds       = 1
[LOG] SystemI::createSound                     :     setdata soundi = 0000026847596AD8 : node = 000002684809B140
[LOG] SystemI::createSoundInternal             :     exinfo->inclusionlist      = 000002684809A490
[LOG] SystemI::createSound                     :     add node to async list : head = 00000268532B1B28.  list count = 1
[LOG] SystemI::createSoundInternal             :     exinfo->inclusionlistnum   = 1
[LOG] SystemI::createSoundInternal             :     exinfo->suggestedsoundtype = 5
[LOG] SystemI::createSoundInternal             :     exinfo->initialseekpostype = 1
[LOG] SystemI::createSoundInternal             :     Stream 0/1: name='2A - Melody', format=5, channels=2, frequency=48000, lengthbytes=394720, lengthpcm=1974858, pcmblocksize=0, loopstart=0, loopend=0, mode=0x00000000, channelmask=0x00000000, channelorder=0, peakvolume=1.000000.
[LOG] AsyncThread::threadFunc                  : Finished Asynchronous operation on sound 00000268475934D8
[LOG] AsyncThread::threadFunc                  : Starting Asynchronous operation on sound 0000026847595F08
[LOG] SystemI::createSoundInternal             :     Create name='FMOD/whatsmissing/Build/Desktop/Music.bank', mode=0x02010082
[LOG] SystemI::createSoundInternal             :     exinfo->cbsize             = 224
[LOG] SystemI::createSoundInternal             :     exinfo->length             = 16298784
[LOG] SystemI::createSoundInternal             :     exinfo->fileoffset         = 33216
[LOG] SystemI::createSoundInternal             :     exinfo->numsubsounds       = 1
[LOG] SystemI::createSoundInternal             :     exinfo->inclusionlist      = 000002684809BC50
[LOG] SystemI::createSoundInternal             :     exinfo->inclusionlistnum   = 1
[LOG] SystemI::createSoundInternal             :     exinfo->suggestedsoundtype = 5
[LOG] SystemI::createSoundInternal             :     exinfo->initialseekpostype = 1
[LOG] SystemI::createSoundInternal             :     Stream 0/1: name='2A - Chords', format=5, channels=2, frequency=48000, lengthbytes=669856, lengthpcm=3291429, pcmblocksize=0, loopstart=0, loopend=0, mode=0x00000000, channelmask=0x00000000, channelorder=0, peakvolume=1.000000.
[LOG] AsyncThread::threadFunc                  : Finished Asynchronous operation on sound 0000026847595F08
[LOG] AsyncThread::threadFunc                  : Starting Asynchronous operation on sound 0000026847596AD8
[LOG] SystemI::createSoundInternal             :     Create name='FMOD/whatsmissing/Build/Desktop/Music.bank', mode=0x02010082
[LOG] SystemI::createSoundInternal             :     exinfo->cbsize             = 224
[LOG] SystemI::createSoundInternal             :     exinfo->length             = 16298784
[LOG] SystemI::createSoundInternal             :     exinfo->fileoffset         = 33216
[LOG] SystemI::createSoundInternal             :     exinfo->numsubsounds       = 1
[LOG] SystemI::createSoundInternal             :     exinfo->inclusionlist      = 000002684809B250
[LOG] SystemI::createSoundInternal             :     exinfo->inclusionlistnum   = 1
[LOG] SystemI::createSoundInternal             :     exinfo->suggestedsoundtype = 5
[LOG] SystemI::createSoundInternal             :     exinfo->initialseekpostype = 1
[LOG] SystemI::createSoundInternal             :     Stream 0/1: name='2A - Subbas', format=5, channels=2, frequency=48000, lengthbytes=226656, lengthpcm=3291429, pcmblocksize=0, loopstart=0, loopend=0, mode=0x00000000, channelmask=0x00000000, channelorder=0, peakvolume=1.000000.
[LOG] AsyncThread::threadFunc                  : Finished Asynchronous operation on sound 0000026847596AD8
[LOG] SoundI::release                          : fire (00000267FDCA77D8)
[LOG] SoundI::release                          :     fire (000002672FA0C278)
[LOG] SoundI::release                          :     fire (00000267A7CBB5E8)
[LOG] SystemI::createSound                     : filename = FMOD/whatsmissing/Build/Desktop/InGame.bank : mode 02010082
[LOG] SystemI::createSound                     : FMOD_NONBLOCKING specified.  Putting into queue to be opened asynchronously!
[LOG] SystemI::createSound                     : setdata soundi = 0000026847EDCEF8 : node = 0000026846F67020
[LOG] SystemI::createSound                     : add node to async list : head = 00000268532B1B28.  list count = 0
[LOG] SystemI::createSound                     : filename = FMOD/whatsmissing/Build/Desktop/InGame.bank : mode 02010082
[LOG] SystemI::createSound                     : FMOD_NONBLOCKING specified.  Putting into queue to be opened asynchronously!
[LOG] AsyncThread::threadFunc                  : Starting Asynchronous operation on sound 0000026847EDCEF8
[LOG] SystemI::createSound                     : setdata soundi = 0000026847EDBE18 : node = 0000026846F673E0
[LOG] SystemI::createSoundInternal             :     Create name='FMOD/whatsmissing/Build/Desktop/InGame.bank', mode=0x02010082
[LOG] SystemI::createSound                     :     add node to async list : head = 00000268532B1B28.  list count = 0
[LOG] SystemI::createSoundInternal             :     exinfo->cbsize             = 224
[LOG] SystemI::createSoundInternal             :     exinfo->length             = 4107552
[LOG] SystemI::createSoundInternal             :     exinfo->fileoffset         = 71552
[LOG] SystemI::createSoundInternal             :     exinfo->numsubsounds       = 1
[LOG] SystemI::createSoundInternal             :     exinfo->inclusionlist      = 0000026846F67130
[LOG] SystemI::createSoundInternal             :     exinfo->inclusionlistnum   = 1
[LOG] SystemI::createSoundInternal             :     exinfo->suggestedsoundtype = 5
[LOG] SystemI::createSoundInternal             :     exinfo->initialseekpostype = 1
[LOG] SystemI::createSoundInternal             :     Stream 0/1: name='fire', format=5, channels=2, frequency=48000, lengthbytes=646560, lengthpcm=2591335, pcmblocksize=0, loopstart=0, loopend=0, mode=0x00000000, channelmask=0x00000000, channelorder=0, peakvolume=0.999969.
[LOG] AsyncThread::threadFunc                  : Finished Asynchronous operation on sound 0000026847EDCEF8
[LOG] AsyncThread::threadFunc                  : Starting Asynchronous operation on sound 0000026847EDBE18
[LOG] SystemI::createSoundInternal             :     Create name='FMOD/whatsmissing/Build/Desktop/InGame.bank', mode=0x02010082
[LOG] SystemI::createSoundInternal             :     exinfo->cbsize             = 224
[LOG] SystemI::createSoundInternal             :     exinfo->length             = 4107552
[LOG] SystemI::createSoundInternal             :     exinfo->fileoffset         = 71552
[LOG] SystemI::createSoundInternal             :     exinfo->numsubsounds       = 1
[LOG] SystemI::createSoundInternal             :     exinfo->inclusionlist      = 0000026846F674F0
[LOG] SystemI::createSoundInternal             :     exinfo->inclusionlistnum   = 1
[LOG] SystemI::createSoundInternal             :     exinfo->suggestedsoundtype = 5
[LOG] SystemI::createSoundInternal             :     exinfo->initialseekpostype = 1
[LOG] SystemI::createSoundInternal             :     Stream 0/1: name='fire', format=5, channels=2, frequency=48000, lengthbytes=646560, lengthpcm=2591335, pcmblocksize=0, loopstart=0, loopend=0, mode=0x00000000, channelmask=0x00000000, channelorder=0, peakvolume=0.999969.
[LOG] AsyncThread::threadFunc                  : Finished Asynchronous operation on sound 0000026847EDBE18
[LOG] SoundI::release                          : fire (00000268467C0ED8)
[LOG] SoundI::release                          :     fire (000002672FA08998)
[LOG] SoundI::release                          :     fire (0000026847EDD258)
[LOG] SoundI::release                          : fire (00000268467BFA98)
[LOG] SoundI::release                          :     fire (000002672FA084B8)
[LOG] SoundI::release                          :     fire (0000026847EDC9E8)
[LOG] SoundI::release                          :  (0000026712E8F838)
[LOG] SoundI::release                          :     398041__swordofkings128__water-swimming-4 (000002672FA0E158)
[LOG] SoundI::release                          :  (0000026712E8BA68)
[LOG] SoundI::release                          :     398042__swordofkings128__water-swimming-3 (000002672FA0B578)
[LOG] SoundI::release                          :  (0000026712E8F558)
[LOG] SoundI::release                          :     398036__swordofkings128__water-swimming-2 (000002672FA06918)
[LOG] SoundI::release                          :  (0000026712E8C198)
[LOG] SoundI::release                          :     398037__swordofkings128__water-swimming-1 (000002672FA0AEF8)
[LOG] SoundI::release                          :  (0000026712E8BD48)
[LOG] SoundI::release                          :     398040__swordofkings128__water-swimming-5 (000002672FA0F9B8)
[LOG] SoundI::release                          :  (0000026712E8CE88)
[LOG] SoundI::release                          :     Footsteps-1 (000002672FA07618)
[LOG] SoundI::release                          :  (0000026712E8DB78)
[LOG] SoundI::release                          :     Footsteps-10 (000002672FA0FE98)
[LOG] SoundI::release                          :  (0000026712E8F3E8)
[LOG] SoundI::release                          :     Footsteps-11 (000002672FA07478)
[LOG] SoundI::release                          :  (0000026712E8EB48)
[LOG] SoundI::release                          :     Footsteps-12 (000002672FA106B8)
[LOG] SoundI::release                          :  (0000026712E8C028)
[LOG] SoundI::release                          :     Footsteps-13 (000002672FA0BF38)
[LOG] SoundI::release                          :  (0000026712E8E418)
[LOG] SoundI::release                          :     Footsteps-14 (000002672FA11218)
[LOG] SoundI::release                          :  (0000026712E8F278)
[LOG] SoundI::release                          :     Footsteps-15 (000002672FA0BBF8)
[LOG] SoundI::release                          :  (0000026712E8D2D8)
[LOG] SoundI::release                          :     Footsteps-16 (000002672FA0D458)
[LOG] SoundI::release                          :  (0000026712E8F108)
[LOG] SoundI::release                          :     Footsteps-2 (000002672FA08B38)
[LOG] SoundI::release                          :  (0000026712E8F6C8)
[LOG] SoundI::release                          :     Footsteps-3 (000002672FA12738)
[LOG] SoundI::release                          :  (0000026712E8E2A8)
[LOG] SoundI::release                          :     Footsteps-4 (000002672FA08658)
[LOG] SoundI::release                          :  (0000026712E8C478)
[LOG] SoundI::release                          :     Footsteps-5 (000002672FA10518)
[LOG] SoundI::release                          :  (0000026712E8D898)
[LOG] SoundI::release                          :     Footsteps-6 (000002672FA08318)
[LOG] SoundI::release                          :  (0000026712E8C308)
[LOG] SoundI::release                          :     Footsteps-7 (000002672FA09018)
[LOG] SoundI::release                          :  (0000026712E8E588)
[LOG] SoundI::release                          :     Footsteps-8 (000002672FA099D8)
[LOG] SoundI::release                          :  (0000026712E8DCE8)
[LOG] SoundI::release                          :     Footsteps-9 (000002672FA0DE18)
[LOG] SoundI::release                          :  (0000026712E8BBD8)
[LOG] SoundI::release                          :     grass_step_1 (000002672FA06AB8)
[LOG] SoundI::release                          :  (0000026712E8C5E8)
[LOG] SoundI::release                          :     grass_step_2 (000002672FA08E78)
[LOG] SoundI::release                          : fire (0000026847EDBE18)
[LOG] SoundI::release                          :     fire (000002672FA120B8)
[LOG] SoundI::release                          :     fire (00000267FDCA7628)
[LOG] SoundI::release                          : fire (0000026847EDCEF8)
[LOG] SoundI::release                          :     fire (000002672FA0DFB8)
[LOG] SoundI::release                          :     fire (00000267FDCA7478)
[LOG] SoundI::release                          : 2A - Subbas (0000026847596AD8)
[LOG] SoundI::release                          :     2A - Subbas (000002672FA109F8)
[LOG] SoundI::release                          :     2A - Subbas (0000026847F1ED68)
[LOG] SoundI::release                          : 2A - Chords (0000026847595F08)
[LOG] SoundI::release                          :     2A - Chords (000002672FA10038)
[LOG] SoundI::release                          :     2A - Chords (0000026847F21E58)
[LOG] SoundI::release                          : 2A - Melody (00000268475934D8)
[LOG] SoundI::release                          :     2A - Melody (000002672FA0C418)
[LOG] SoundI::release                          :     2A - Melody (0000026847F21AF8)
[LOG] SoundI::release                          :  (0000026712E8E9D8)
[LOG] SoundI::release                          :     grass_step_3 (000002672FA0AA18)
[LOG] SoundI::release                          :  (0000026712E8BEB8)
[LOG] SoundI::release                          :     grass_step_4 (000002672FA08CD8)
[LOG] SoundI::release                          :  (0000026712E8B8F8)
[LOG] SoundI::release                          :     grass_step_5 (000002672FA09D18)
[LOG] SoundI::release                          :  (000002656C75C4C8)
[LOG] SoundI::release                          :     duck_1 (000002672FA03518)
[LOG] SoundI::release                          :  (0000026798353BB8)
[LOG] SoundI::release                          :     duck_2 (000002672F9FFDD8)
[LOG] SoundI::release                          :  (0000026798354178)
[LOG] SoundI::release                          :     duck_3 (000002672FA09838)
[LOG] SoundI::release                          :  (000002656C75C918)
[LOG] SoundI::release                          :     duck_4 (000002672FA053F8)
[LOG] SoundI::release                          :  (000002656C75C7A8)
[LOG] SoundI::release                          :     duck_5 (000002672FA04D78)
[LOG] SoundI::release                          :  (0000026712C2CF78)
[LOG] SoundI::release                          :     duck_6 (000002672FA0A1F8)
[LOG] SoundI::release                          :  (0000026712E89C38)
[LOG] SoundI::release                          :     fountain (000002672FA00C78)
[LOG] Thread::callback                         : FMOD Studio update thread finished.
[LOG] Thread::callback                         : FMOD Studio bank load thread finished.
[LOG] Profile::disconnectAll                   : Profiler disconnecting all clients
[LOG] Thread::callback                         : FMOD Studio sample load thread finished.
[LOG] LiveUpdate::release                      : 
[LOG] LiveUpdate::reset                        : Reset connection (reason Disconnected)
[LOG] Thread::callback                         : FMOD stream thread finished.
[LOG] Thread::callback                         : FMOD mixer thread finished.
[LOG] Profile::disconnectAll                   : Profiler disconnecting all clients
[LOG] SystemI::close                           : Closed.
